Using pre-set license

 COMMAND LINE ARGUMENTS:
/Applications/Unity/Hub/Editor/2020.2.6f1/Unity.app/Contents/MacOS/Unity
-adb2
-batchMode
-noUpm
-name
AssetImportWorker0
-projectPath
/Users/satoruosawa/Documents/00_develop/m5stack-samples/02_communication/03_ble-android-unity/01_lib_Bluetooth_LE/01_notify/AndroidUnity
-logFile
Logs/AssetImportWorker0.log
-srvPort
60367
Successfully changed project path to: /Users/satoruosawa/Documents/00_develop/m5stack-samples/02_communication/03_ble-android-unity/01_lib_Bluetooth_LE/01_notify/AndroidUnity
/Users/satoruosawa/Documents/00_develop/m5stack-samples/02_communication/03_ble-android-unity/01_lib_Bluetooth_LE/01_notify/AndroidUnity
Using Asset Import Pipeline V2.
Refreshing native plugins compatible for Editor in 22.22 ms, found 1 plugins.
Preloading 0 native plugins for Editor in 0.00 ms.
Initialize engine version: 2020.2.6f1 (8a2143876886)
[Subsystems] Discovering subsystems at path /Applications/Unity/Hub/Editor/2020.2.6f1/Unity.app/Contents/Resources/UnitySubsystems
[Subsystems] Discovering subsystems at path /Users/satoruosawa/Documents/00_develop/m5stack-samples/02_communication/03_ble-android-unity/01_lib_Bluetooth_LE/01_notify/AndroidUnity/Assets
GfxDevice: creating device client; threaded=0
2021-03-02 16:01:47.855 Unity[30080:846491] Color LCD preferred device: AMD Radeon Pro 560 (high power)
2021-03-02 16:01:47.855 Unity[30080:846491] Metal devices available: 2
2021-03-02 16:01:47.855 Unity[30080:846491] 0: AMD Radeon Pro 560 (high power)
2021-03-02 16:01:47.855 Unity[30080:846491] 1: Intel(R) HD Graphics 630 (low power)
2021-03-02 16:01:47.856 Unity[30080:846491] Using device AMD Radeon Pro 560 (high power)
Initializing Metal device caps: AMD Radeon Pro 560
Initialize mono
Mono path[0] = '/Applications/Unity/Hub/Editor/2020.2.6f1/Unity.app/Contents/Managed'
Mono path[1] = '/Applications/Unity/Hub/Editor/2020.2.6f1/Unity.app/Contents/MonoBleedingEdge/lib/mono/unityjit'
Mono config path = '/Applications/Unity/Hub/Editor/2020.2.6f1/Unity.app/Contents/MonoBleedingEdge/etc'
Using monoOptions --debugger-agent=transport=dt_socket,embedding=1,server=y,suspend=n,address=127.0.0.1:56080
Begin MonoManager ReloadAssembly
Registering precompiled unity dll's ...
Register platform support module: /Applications/Unity/Hub/Editor/2020.2.6f1/Unity.app/Contents/PlaybackEngines/MacStandaloneSupport/UnityEditor.OSXStandalone.Extensions.dll
Register platform support module: /Applications/Unity/Hub/Editor/2020.2.6f1/PlaybackEngines/WindowsStandaloneSupport/UnityEditor.WindowsStandalone.Extensions.dll
Registered in 0.000728 seconds.
Native extension for WindowsStandalone target not found
Native extension for OSXStandalone target not found
Refreshing native plugins compatible for Editor in 19.74 ms, found 1 plugins.
Preloading 0 native plugins for Editor in 0.00 ms.
Invoked RoslynAnalysisRunner static constructor.
RoslynAnalysisRunner will not be running.
RoslynAnalysisRunner has terminated.
Mono: successfully reloaded assembly
- Completed reload, in  4.119 seconds
Platform modules already initialized, skipping
Registering precompiled user dll's ...
Registered in 0.000330 seconds.
Begin MonoManager ReloadAssembly
Native extension for WindowsStandalone target not found
Native extension for OSXStandalone target not found
Refreshing native plugins compatible for Editor in 0.21 ms, found 1 plugins.
Preloading 0 native plugins for Editor in 0.00 ms.
Invoked RoslynAnalysisRunner static constructor.
RoslynAnalysisRunner will not be running.
RoslynAnalysisRunner has terminated.
Mono: successfully reloaded assembly
- Completed reload, in  1.025 seconds
Platform modules already initialized, skipping
========================================================================
Worker process is ready to serve import requests
Launching external process: /Applications/Unity/Hub/Editor/2020.2.6f1/Unity.app/Contents/Tools/UnityShaderCompiler
Launched and connected shader compiler UnityShaderCompiler after 0.01 seconds
Refreshing native plugins compatible for Editor in 0.21 ms, found 1 plugins.
Preloading 0 native plugins for Editor in 0.00 ms.
Unloading 1103 Unused Serialized files (Serialized files now loaded: 0)
System memory in use before: 113.5 MB.
System memory in use after: 113.5 MB.

Unloading 10 unused Assets to reduce memory usage. Loaded Objects now: 1544.
Total: 2.893339 ms (FindLiveObjects: 0.226282 ms CreateObjectMapping: 0.097570 ms MarkObjects: 2.472490 ms  DeleteObjects: 0.094203 ms)

========================================================================
Received Import Request.
  path: Assets/Scenes
  artifactKey: Guid(a2af9bd9149d647ecacf7acb2f3d0407) Importer(815301076,1909f56bfc062723c751e8b465ee728b)
Start importing Assets/Scenes using Guid(a2af9bd9149d647ecacf7acb2f3d0407) Importer(815301076,1909f56bfc062723c751e8b465ee728b)  -> (artifact id: 'c74d58accff1b6f6296f02aaf405f67d') in 0.004079 seconds
  Import took 0.007254 seconds .

========================================================================
Received Import Request.
  Time since last request: 1.166314 seconds.
  path: Assets/Scripts
  artifactKey: Guid(3c11804e037ef41d183048d5178c8be2) Importer(815301076,1909f56bfc062723c751e8b465ee728b)
Start importing Assets/Scripts using Guid(3c11804e037ef41d183048d5178c8be2) Importer(815301076,1909f56bfc062723c751e8b465ee728b)  -> (artifact id: 'ece6708ad941ad13a9669321e5289665') in 0.001481 seconds
  Import took 0.003881 seconds .

========================================================================
Received Prepare
Registering precompiled user dll's ...
Registered in 0.000416 seconds.
Begin MonoManager ReloadAssembly
Native extension for WindowsStandalone target not found
Native extension for OSXStandalone target not found
Refreshing native plugins compatible for Editor in 0.26 ms, found 1 plugins.
Preloading 0 native plugins for Editor in 0.00 ms.
Invoked RoslynAnalysisRunner static constructor.
RoslynAnalysisRunner will not be running.
RoslynAnalysisRunner has terminated.
Mono: successfully reloaded assembly
- Completed reload, in  0.939 seconds
Platform modules already initialized, skipping
Refreshing native plugins compatible for Editor in 0.39 ms, found 1 plugins.
Preloading 0 native plugins for Editor in 0.00 ms.
Unloading 1275 Unused Serialized files (Serialized files now loaded: 0)
System memory in use before: 120.1 MB.
System memory in use after: 120.2 MB.

Unloading 6 unused Assets to reduce memory usage. Loaded Objects now: 1722.
Total: 1.646367 ms (FindLiveObjects: 0.266717 ms CreateObjectMapping: 0.047768 ms MarkObjects: 1.268252 ms  DeleteObjects: 0.062028 ms)

========================================================================
Received Import Request.
  Time since last request: 128.467035 seconds.
  path: Assets/FantomPlugin
  artifactKey: Guid(907479820bb6c48e68d5c72c52cacfa6) Importer(815301076,1909f56bfc062723c751e8b465ee728b)
Start importing Assets/FantomPlugin using Guid(907479820bb6c48e68d5c72c52cacfa6) Importer(815301076,1909f56bfc062723c751e8b465ee728b)  -> (artifact id: '70f6f4c9c3665e806198bb758050253c') in 0.004375 seconds
  Import took 0.007308 seconds .

========================================================================
Received Import Request.
  Time since last request: 0.017434 seconds.
  path: Assets/FantomPlugin
  artifactKey: Guid(907479820bb6c48e68d5c72c52cacfa6) Importer(815301076,1909f56bfc062723c751e8b465ee728b)
Start importing Assets/FantomPlugin using Guid(907479820bb6c48e68d5c72c52cacfa6) Importer(815301076,1909f56bfc062723c751e8b465ee728b)  -> (artifact id: '70f6f4c9c3665e806198bb758050253c') in 0.001476 seconds
  Import took 0.003728 seconds .

========================================================================
Received Import Request.
  Time since last request: 0.030574 seconds.
  path: Assets/FantomPlugin/FantomPluginDemo_QR.png
  artifactKey: Guid(6986e7c20c9eed347944a828f2afc396) Importer(815301076,1909f56bfc062723c751e8b465ee728b)
Start importing Assets/FantomPlugin/FantomPluginDemo_QR.png using Guid(6986e7c20c9eed347944a828f2afc396) Importer(815301076,1909f56bfc062723c751e8b465ee728b)  -> (artifact id: '51a4026383262fac9b4a6e810cc27ee2') in 0.525269 seconds
  Import took 0.527931 seconds .

========================================================================
Received Import Request.
  Time since last request: 62.178488 seconds.
  path: Assets/Scripts/BleReceiver.cs
  artifactKey: Guid(5300dbfc7e74b4fcfa4f73e72a354a72) Importer(815301076,1909f56bfc062723c751e8b465ee728b)
Start importing Assets/Scripts/BleReceiver.cs using Guid(5300dbfc7e74b4fcfa4f73e72a354a72) Importer(815301076,1909f56bfc062723c751e8b465ee728b)  -> (artifact id: '277e33c1497f8e3665fe930523a5a49f') in 0.589113 seconds
  Import took 0.593135 seconds .

========================================================================
Received Prepare
Registering precompiled user dll's ...
Registered in 0.000667 seconds.
Begin MonoManager ReloadAssembly
Native extension for WindowsStandalone target not found
Native extension for OSXStandalone target not found
Refreshing native plugins compatible for Editor in 0.26 ms, found 1 plugins.
Preloading 0 native plugins for Editor in 0.00 ms.
Invoked RoslynAnalysisRunner static constructor.
RoslynAnalysisRunner will not be running.
RoslynAnalysisRunner has terminated.
Mono: successfully reloaded assembly
- Completed reload, in  1.040 seconds
Platform modules already initialized, skipping
Refreshing native plugins compatible for Editor in 0.28 ms, found 1 plugins.
Preloading 0 native plugins for Editor in 0.00 ms.
Unloading 1276 Unused Serialized files (Serialized files now loaded: 0)
System memory in use before: 129.2 MB.
System memory in use after: 129.3 MB.

Unloading 6 unused Assets to reduce memory usage. Loaded Objects now: 1727.
Total: 1.991624 ms (FindLiveObjects: 0.271245 ms CreateObjectMapping: 0.097479 ms MarkObjects: 1.562384 ms  DeleteObjects: 0.058736 ms)

========================================================================
Received Import Request.
  Time since last request: 56.116749 seconds.
  path: Assets/Scripts/BleReceiver.cs
  artifactKey: Guid(5300dbfc7e74b4fcfa4f73e72a354a72) Importer(815301076,1909f56bfc062723c751e8b465ee728b)
Start importing Assets/Scripts/BleReceiver.cs using Guid(5300dbfc7e74b4fcfa4f73e72a354a72) Importer(815301076,1909f56bfc062723c751e8b465ee728b)  -> (artifact id: 'c144817ea1a36408a1ce75ba74cc9d01') in 0.004777 seconds
  Import took 0.006929 seconds .

========================================================================
Received Import Request.
  Time since last request: 183.624888 seconds.
  path: Assets/FantomPlugin/fantomPlugin_ReadMe_en.txt
  artifactKey: Guid(b66a6fc494783234baa3674aa9943d1d) Importer(815301076,1909f56bfc062723c751e8b465ee728b)
Start importing Assets/FantomPlugin/fantomPlugin_ReadMe_en.txt using Guid(b66a6fc494783234baa3674aa9943d1d) Importer(815301076,1909f56bfc062723c751e8b465ee728b)  -> (artifact id: '116c68dbca6b31403d33dbcfed46d831') in 0.508146 seconds
  Import took 0.510512 seconds .

========================================================================
Received Import Request.
  Time since last request: 3.981659 seconds.
  path: Assets/FantomPlugin/Plugins
  artifactKey: Guid(ae0e805f5d0269c4688258f5afe7ee60) Importer(815301076,1909f56bfc062723c751e8b465ee728b)
Start importing Assets/FantomPlugin/Plugins using Guid(ae0e805f5d0269c4688258f5afe7ee60) Importer(815301076,1909f56bfc062723c751e8b465ee728b)  -> (artifact id: '4a02b5fdbcb656d0b93045f0f5c3c45f') in 0.000995 seconds
  Import took 0.003253 seconds .

========================================================================
Received Import Request.
  Time since last request: 1.127694 seconds.
  path: Assets/FantomPlugin/Plugins/Android
  artifactKey: Guid(49f5e433acb992941b89fc9e852a833b) Importer(815301076,1909f56bfc062723c751e8b465ee728b)
Start importing Assets/FantomPlugin/Plugins/Android using Guid(49f5e433acb992941b89fc9e852a833b) Importer(815301076,1909f56bfc062723c751e8b465ee728b)  -> (artifact id: 'b2074236cc9e3f6f246dc310f0f5d756') in 0.006994 seconds
  Import took 0.009586 seconds .

========================================================================
Received Import Request.
  Time since last request: 2.938673 seconds.
  path: Assets/FantomPlugin/Plugins/Android/fantomPlugin.aar
  artifactKey: Guid(c3e575e1a0861704c935c352c42a84a2) Importer(815301076,1909f56bfc062723c751e8b465ee728b)
Start importing Assets/FantomPlugin/Plugins/Android/fantomPlugin.aar using Guid(c3e575e1a0861704c935c352c42a84a2) Importer(815301076,1909f56bfc062723c751e8b465ee728b)  -> (artifact id: '6d684ed9fd2dabc038d6568f9618e60a') in 0.418615 seconds
  Import took 0.421529 seconds .

========================================================================
Received Import Request.
  Time since last request: 3.008509 seconds.
  path: Assets/FantomPlugin/Demo
  artifactKey: Guid(65caccffd9ec54949bdc7fa0934b143d) Importer(815301076,1909f56bfc062723c751e8b465ee728b)
Start importing Assets/FantomPlugin/Demo using Guid(65caccffd9ec54949bdc7fa0934b143d) Importer(815301076,1909f56bfc062723c751e8b465ee728b)  -> (artifact id: '132b672990036c7b33f970979c244c01') in 0.006863 seconds
  Import took 0.009400 seconds .

========================================================================
Received Import Request.
  Time since last request: 2.656703 seconds.
  path: Assets/FantomPlugin/FantomLib
  artifactKey: Guid(1d5837fc5196e9843a9ab19c571ae3ed) Importer(815301076,1909f56bfc062723c751e8b465ee728b)
Start importing Assets/FantomPlugin/FantomLib using Guid(1d5837fc5196e9843a9ab19c571ae3ed) Importer(815301076,1909f56bfc062723c751e8b465ee728b)  -> (artifact id: '80f55b975371b844417c110295896956') in 0.006850 seconds
  Import took 0.009371 seconds .

========================================================================
Received Import Request.
  Time since last request: 1.520484 seconds.
  path: Assets/FantomPlugin/FantomLib/Prefabs
  artifactKey: Guid(c5e1a9aab45c4b340a6423f6c2c5df2e) Importer(815301076,1909f56bfc062723c751e8b465ee728b)
Start importing Assets/FantomPlugin/FantomLib/Prefabs using Guid(c5e1a9aab45c4b340a6423f6c2c5df2e) Importer(815301076,1909f56bfc062723c751e8b465ee728b)  -> (artifact id: '05a638e23acf73a5baab88972506d8ac') in 0.002681 seconds
  Import took 0.005535 seconds .

========================================================================
Received Import Request.
  Time since last request: 38.607575 seconds.
  path: Assets/Shatalmic
  artifactKey: Guid(94328dd56d9ef48d5b253953633bd002) Importer(815301076,1909f56bfc062723c751e8b465ee728b)
Start importing Assets/Shatalmic using Guid(94328dd56d9ef48d5b253953633bd002) Importer(815301076,1909f56bfc062723c751e8b465ee728b)  -> (artifact id: 'b7ededb8c66d21ac33658822f02ad1d9') in 0.001391 seconds
  Import took 0.003661 seconds .

========================================================================
Received Import Request.
  Time since last request: 1.525410 seconds.
  path: Assets/Shatalmic/plugin.unitypackage
  artifactKey: Guid(1a70f37e2f13e4df0ac477f3c3eb451b) Importer(815301076,1909f56bfc062723c751e8b465ee728b)
Start importing Assets/Shatalmic/plugin.unitypackage using Guid(1a70f37e2f13e4df0ac477f3c3eb451b) Importer(815301076,1909f56bfc062723c751e8b465ee728b)  -> (artifact id: '0275364a1bfea05a879570cdf9f7aa97') in 0.035502 seconds
  Import took 0.038135 seconds .

========================================================================
Received Prepare
Registering precompiled user dll's ...
Registered in 0.000388 seconds.
Begin MonoManager ReloadAssembly
Native extension for WindowsStandalone target not found
Native extension for OSXStandalone target not found
Refreshing native plugins compatible for Editor in 0.24 ms, found 2 plugins.
Preloading 0 native plugins for Editor in 0.00 ms.
Invoked RoslynAnalysisRunner static constructor.
RoslynAnalysisRunner will not be running.
RoslynAnalysisRunner has terminated.
Mono: successfully reloaded assembly
- Completed reload, in  0.974 seconds
Platform modules already initialized, skipping
Refreshing native plugins compatible for Editor in 0.32 ms, found 2 plugins.
Preloading 0 native plugins for Editor in 0.00 ms.
Unloading 1117 Unused Serialized files (Serialized files now loaded: 0)
System memory in use before: 137.4 MB.
System memory in use after: 137.5 MB.

Unloading 160 unused Assets to reduce memory usage. Loaded Objects now: 1594.
Total: 1.884748 ms (FindLiveObjects: 0.211298 ms CreateObjectMapping: 0.059639 ms MarkObjects: 1.519673 ms  DeleteObjects: 0.092033 ms)

========================================================================
Received Import Request.
  Time since last request: 15.384550 seconds.
  path: Assets/Plugins
  artifactKey: Guid(a74419d4ed92a43589e8b33362cf2f95) Importer(815301076,1909f56bfc062723c751e8b465ee728b)
Start importing Assets/Plugins using Guid(a74419d4ed92a43589e8b33362cf2f95) Importer(815301076,1909f56bfc062723c751e8b465ee728b)  -> (artifact id: '80f712186f91ec98467fd075036f40ae') in 0.054619 seconds
  Import took 0.057147 seconds .

========================================================================
Received Import Request.
  Time since last request: 62.493818 seconds.
  path: Assets/Scenes/SampleScene.unity
  artifactKey: Guid(9fc0d4010bbf28b4594072e72b8655ab) Importer(815301076,1909f56bfc062723c751e8b465ee728b)
Start importing Assets/Scenes/SampleScene.unity using Guid(9fc0d4010bbf28b4594072e72b8655ab) Importer(815301076,1909f56bfc062723c751e8b465ee728b)  -> (artifact id: '7639e42f3bc2d661cc97a4f03fb1e97b') in 0.011446 seconds
  Import took 0.013902 seconds .

========================================================================
Received Import Request.
  Time since last request: 4.640727 seconds.
  path: Assets/Scenes/Scene.unity
  artifactKey: Guid(9fc0d4010bbf28b4594072e72b8655ab) Importer(815301076,1909f56bfc062723c751e8b465ee728b)
Start importing Assets/Scenes/Scene.unity using Guid(9fc0d4010bbf28b4594072e72b8655ab) Importer(815301076,1909f56bfc062723c751e8b465ee728b)  -> (artifact id: 'e9ed5d2ab714c25c4740f0b45b888fec') in 0.007418 seconds
  Import took 0.010754 seconds .

========================================================================
Received Prepare
Registering precompiled user dll's ...
Registered in 0.000393 seconds.
Begin MonoManager ReloadAssembly
Native extension for WindowsStandalone target not found
Native extension for OSXStandalone target not found
Refreshing native plugins compatible for Editor in 0.25 ms, found 2 plugins.
Preloading 0 native plugins for Editor in 0.00 ms.
Invoked RoslynAnalysisRunner static constructor.
RoslynAnalysisRunner will not be running.
RoslynAnalysisRunner has terminated.
Mono: successfully reloaded assembly
- Completed reload, in  0.983 seconds
Platform modules already initialized, skipping
Switching build target platform(2) subTarget(0) extendedPlatform(0) -> platform(13) subTarget(537395200) extendedPlatform(0)
Refreshing native plugins compatible for Editor in 0.25 ms, found 2 plugins.
Preloading 0 native plugins for Editor in 0.00 ms.
Unloading 1121 Unused Serialized files (Serialized files now loaded: 0)
System memory in use before: 136.0 MB.
System memory in use after: 136.1 MB.

Unloading 9 unused Assets to reduce memory usage. Loaded Objects now: 1596.
Total: 2.169444 ms (FindLiveObjects: 0.264494 ms CreateObjectMapping: 0.052261 ms MarkObjects: 1.792206 ms  DeleteObjects: 0.058163 ms)

AssetImportParameters requested are different than current active one (requested -> active):
  custom:graphics/normal-map-encoding: 01000000000000000000000000000000 -> 02000000000000000000000000000000
========================================================================
Received Prepare
Refreshing native plugins compatible for Editor in 1.70 ms, found 2 plugins.
Preloading 0 native plugins for Editor in 0.00 ms.
Unloading 7 Unused Serialized files (Serialized files now loaded: 0)
System memory in use before: 113.6 MB.
System memory in use after: 113.7 MB.

Unloading 7 unused Assets to reduce memory usage. Loaded Objects now: 1596.
Total: 1.552165 ms (FindLiveObjects: 0.190770 ms CreateObjectMapping: 0.034774 ms MarkObjects: 1.274926 ms  DeleteObjects: 0.049576 ms)

========================================================================
Received Prepare
Registering precompiled user dll's ...
Registered in 0.000456 seconds.
Begin MonoManager ReloadAssembly
Native extension for WindowsStandalone target not found
Native extension for OSXStandalone target not found
Refreshing native plugins compatible for Editor in 0.27 ms, found 2 plugins.
Preloading 0 native plugins for Editor in 0.00 ms.
Invoked RoslynAnalysisRunner static constructor.
RoslynAnalysisRunner will not be running.
RoslynAnalysisRunner has terminated.
Mono: successfully reloaded assembly
- Completed reload, in  1.019 seconds
Platform modules already initialized, skipping
Switching build target platform(2) subTarget(0) extendedPlatform(0) -> platform(13) subTarget(537395200) extendedPlatform(0)
Refreshing native plugins compatible for Editor in 0.26 ms, found 2 plugins.
Preloading 0 native plugins for Editor in 0.00 ms.
Unloading 1176 Unused Serialized files (Serialized files now loaded: 0)
System memory in use before: 138.0 MB.
System memory in use after: 138.1 MB.

Unloading 9 unused Assets to reduce memory usage. Loaded Objects now: 1653.
Total: 1.795137 ms (FindLiveObjects: 0.236627 ms CreateObjectMapping: 0.055230 ms MarkObjects: 1.442545 ms  DeleteObjects: 0.059167 ms)

AssetImportParameters requested are different than current active one (requested -> active):
  custom:graphics/normal-map-encoding: 01000000000000000000000000000000 -> 02000000000000000000000000000000
========================================================================
Received Prepare
Refreshing native plugins compatible for Editor in 1.03 ms, found 2 plugins.
Preloading 0 native plugins for Editor in 0.00 ms.
Unloading 7 Unused Serialized files (Serialized files now loaded: 0)
System memory in use before: 114.6 MB.
System memory in use after: 114.6 MB.

Unloading 7 unused Assets to reduce memory usage. Loaded Objects now: 1653.
Total: 1.904596 ms (FindLiveObjects: 0.199181 ms CreateObjectMapping: 0.046139 ms MarkObjects: 1.597954 ms  DeleteObjects: 0.059585 ms)

========================================================================
Received Prepare
Refreshing native plugins compatible for Editor in 1.13 ms, found 2 plugins.
Preloading 0 native plugins for Editor in 0.00 ms.
Unloading 7 Unused Serialized files (Serialized files now loaded: 0)
System memory in use before: 114.6 MB.
System memory in use after: 114.6 MB.

Unloading 7 unused Assets to reduce memory usage. Loaded Objects now: 1653.
Total: 1.620279 ms (FindLiveObjects: 0.204902 ms CreateObjectMapping: 0.036142 ms MarkObjects: 1.327875 ms  DeleteObjects: 0.050205 ms)

