Using pre-set license

 COMMAND LINE ARGUMENTS:
/Applications/Unity/Hub/Editor/2020.2.6f1/Unity.app/Contents/MacOS/Unity
-adb2
-batchMode
-noUpm
-name
AssetImportWorker0
-projectPath
/Users/satoruosawa/Documents/00_develop/m5stack-samples/02_communication/03_ble-android-unity/01_lib_Bluetooth_LE/02_read_write/AndroidUnity
-logFile
Logs/AssetImportWorker0.log
-srvPort
61542
Successfully changed project path to: /Users/satoruosawa/Documents/00_develop/m5stack-samples/02_communication/03_ble-android-unity/01_lib_Bluetooth_LE/02_read_write/AndroidUnity
/Users/satoruosawa/Documents/00_develop/m5stack-samples/02_communication/03_ble-android-unity/01_lib_Bluetooth_LE/02_read_write/AndroidUnity
Using Asset Import Pipeline V2.
Refreshing native plugins compatible for Editor in 43.16 ms, found 1 plugins.
Preloading 0 native plugins for Editor in 0.00 ms.
Initialize engine version: 2020.2.6f1 (8a2143876886)
[Subsystems] Discovering subsystems at path /Applications/Unity/Hub/Editor/2020.2.6f1/Unity.app/Contents/Resources/UnitySubsystems
[Subsystems] Discovering subsystems at path /Users/satoruosawa/Documents/00_develop/m5stack-samples/02_communication/03_ble-android-unity/01_lib_Bluetooth_LE/02_read_write/AndroidUnity/Assets
GfxDevice: creating device client; threaded=0
2021-03-02 21:18:47.202 Unity[46379:1095171] Color LCD preferred device: AMD Radeon Pro 560 (high power)
2021-03-02 21:18:47.202 Unity[46379:1095171] Metal devices available: 2
2021-03-02 21:18:47.203 Unity[46379:1095171] 0: AMD Radeon Pro 560 (high power)
2021-03-02 21:18:47.203 Unity[46379:1095171] 1: Intel(R) HD Graphics 630 (low power)
2021-03-02 21:18:47.203 Unity[46379:1095171] Using device AMD Radeon Pro 560 (high power)
Initializing Metal device caps: AMD Radeon Pro 560
Initialize mono
Mono path[0] = '/Applications/Unity/Hub/Editor/2020.2.6f1/Unity.app/Contents/Managed'
Mono path[1] = '/Applications/Unity/Hub/Editor/2020.2.6f1/Unity.app/Contents/MonoBleedingEdge/lib/mono/unityjit'
Mono config path = '/Applications/Unity/Hub/Editor/2020.2.6f1/Unity.app/Contents/MonoBleedingEdge/etc'
Using monoOptions --debugger-agent=transport=dt_socket,embedding=1,server=y,suspend=n,address=127.0.0.1:56379
Begin MonoManager ReloadAssembly
Registering precompiled unity dll's ...
Register platform support module: /Applications/Unity/Hub/Editor/2020.2.6f1/Unity.app/Contents/PlaybackEngines/MacStandaloneSupport/UnityEditor.OSXStandalone.Extensions.dll
Register platform support module: /Applications/Unity/Hub/Editor/2020.2.6f1/PlaybackEngines/WindowsStandaloneSupport/UnityEditor.WindowsStandalone.Extensions.dll
Registered in 0.000766 seconds.
Native extension for WindowsStandalone target not found
Native extension for OSXStandalone target not found
Refreshing native plugins compatible for Editor in 21.82 ms, found 1 plugins.
Preloading 0 native plugins for Editor in 0.00 ms.
Invoked RoslynAnalysisRunner static constructor.
RoslynAnalysisRunner will not be running.
RoslynAnalysisRunner has terminated.
Mono: successfully reloaded assembly
- Completed reload, in  3.327 seconds
Platform modules already initialized, skipping
Registering precompiled user dll's ...
Registered in 0.000388 seconds.
Begin MonoManager ReloadAssembly
Native extension for WindowsStandalone target not found
Native extension for OSXStandalone target not found
Refreshing native plugins compatible for Editor in 0.22 ms, found 1 plugins.
Preloading 0 native plugins for Editor in 0.00 ms.
Invoked RoslynAnalysisRunner static constructor.
RoslynAnalysisRunner will not be running.
RoslynAnalysisRunner has terminated.
Mono: successfully reloaded assembly
- Completed reload, in  1.067 seconds
Platform modules already initialized, skipping
========================================================================
Worker process is ready to serve import requests
Launching external process: /Applications/Unity/Hub/Editor/2020.2.6f1/Unity.app/Contents/Tools/UnityShaderCompiler
Launched and connected shader compiler UnityShaderCompiler after 0.01 seconds
Refreshing native plugins compatible for Editor in 0.21 ms, found 1 plugins.
Preloading 0 native plugins for Editor in 0.00 ms.
Unloading 1103 Unused Serialized files (Serialized files now loaded: 0)
System memory in use before: 113.6 MB.
System memory in use after: 113.6 MB.

Unloading 10 unused Assets to reduce memory usage. Loaded Objects now: 1544.
Total: 2.888569 ms (FindLiveObjects: 0.217561 ms CreateObjectMapping: 0.067706 ms MarkObjects: 2.501153 ms  DeleteObjects: 0.097432 ms)

========================================================================
Received Import Request.
  path: Assets/Scenes/Scene.unity
  artifactKey: Guid(9fc0d4010bbf28b4594072e72b8655ab) Importer(815301076,1909f56bfc062723c751e8b465ee728b)
Start importing Assets/Scenes/Scene.unity using Guid(9fc0d4010bbf28b4594072e72b8655ab) Importer(815301076,1909f56bfc062723c751e8b465ee728b)  -> (artifact id: '38291a0281591fe306764c4b71e28e92') in 0.014543 seconds
  Import took 0.017002 seconds .

========================================================================
Received Prepare
Registering precompiled user dll's ...
Registered in 0.000442 seconds.
Begin MonoManager ReloadAssembly
Native extension for WindowsStandalone target not found
Native extension for OSXStandalone target not found
Refreshing native plugins compatible for Editor in 0.22 ms, found 1 plugins.
Preloading 0 native plugins for Editor in 0.00 ms.
Invoked RoslynAnalysisRunner static constructor.
RoslynAnalysisRunner will not be running.
RoslynAnalysisRunner has terminated.
Mono: successfully reloaded assembly
- Completed reload, in  0.929 seconds
Platform modules already initialized, skipping
Refreshing native plugins compatible for Editor in 0.21 ms, found 1 plugins.
Preloading 0 native plugins for Editor in 0.00 ms.
Unloading 1153 Unused Serialized files (Serialized files now loaded: 0)
System memory in use before: 115.5 MB.
System memory in use after: 115.5 MB.

Unloading 5 unused Assets to reduce memory usage. Loaded Objects now: 1601.
Total: 1.956082 ms (FindLiveObjects: 0.269543 ms CreateObjectMapping: 0.071356 ms MarkObjects: 1.549183 ms  DeleteObjects: 0.064357 ms)

========================================================================
Received Import Request.
  Time since last request: 1569.396946 seconds.
  path: Assets/Shatalmic/plugin.unitypackage
  artifactKey: Guid(1a70f37e2f13e4df0ac477f3c3eb451b) Importer(815301076,1909f56bfc062723c751e8b465ee728b)
Start importing Assets/Shatalmic/plugin.unitypackage using Guid(1a70f37e2f13e4df0ac477f3c3eb451b) Importer(815301076,1909f56bfc062723c751e8b465ee728b)  -> (artifact id: '0275364a1bfea05a879570cdf9f7aa97') in 0.038575 seconds
  Import took 0.041081 seconds .

========================================================================
Received Prepare
Registering precompiled user dll's ...
Registered in 0.000377 seconds.
Begin MonoManager ReloadAssembly
Native extension for WindowsStandalone target not found
Native extension for OSXStandalone target not found
Refreshing native plugins compatible for Editor in 0.25 ms, found 2 plugins.
Preloading 0 native plugins for Editor in 0.00 ms.
Invoked RoslynAnalysisRunner static constructor.
RoslynAnalysisRunner will not be running.
RoslynAnalysisRunner has terminated.
Mono: successfully reloaded assembly
- Completed reload, in  0.936 seconds
Platform modules already initialized, skipping
Refreshing native plugins compatible for Editor in 0.25 ms, found 2 plugins.
Preloading 0 native plugins for Editor in 0.00 ms.
Unloading 1171 Unused Serialized files (Serialized files now loaded: 0)
System memory in use before: 120.1 MB.
System memory in use after: 120.1 MB.

Unloading 9 unused Assets to reduce memory usage. Loaded Objects now: 1619.
Total: 2.750033 ms (FindLiveObjects: 0.464104 ms CreateObjectMapping: 0.114621 ms MarkObjects: 2.108586 ms  DeleteObjects: 0.060725 ms)

========================================================================
Received Import Request.
  Time since last request: 16.317699 seconds.
  path: Assets/Scenes
  artifactKey: Guid(a3ab0e4aedabc4170992301e6a4ddcf0) Importer(815301076,1909f56bfc062723c751e8b465ee728b)
Start importing Assets/Scenes using Guid(a3ab0e4aedabc4170992301e6a4ddcf0) Importer(815301076,1909f56bfc062723c751e8b465ee728b)  -> (artifact id: 'd239161aaf4c2969325201ba0696eb09') in 0.009700 seconds
  Import took 0.012012 seconds .

========================================================================
Received Import Request.
  Time since last request: 0.006394 seconds.
  path: Assets/Scenes
  artifactKey: Guid(a3ab0e4aedabc4170992301e6a4ddcf0) Importer(815301076,1909f56bfc062723c751e8b465ee728b)
Start importing Assets/Scenes using Guid(a3ab0e4aedabc4170992301e6a4ddcf0) Importer(815301076,1909f56bfc062723c751e8b465ee728b)  -> (artifact id: 'd239161aaf4c2969325201ba0696eb09') in 0.001126 seconds
  Import took 0.003402 seconds .

========================================================================
Received Import Request.
  Time since last request: 0.900167 seconds.
  path: Assets/Scenes/Scene.unity
  artifactKey: Guid(9fc0d4010bbf28b4594072e72b8655ab) Importer(815301076,1909f56bfc062723c751e8b465ee728b)
Start importing Assets/Scenes/Scene.unity using Guid(9fc0d4010bbf28b4594072e72b8655ab) Importer(815301076,1909f56bfc062723c751e8b465ee728b)  -> (artifact id: 'd3a50aa26218f29f7900fd8dd1db9e0a') in 0.017575 seconds
  Import took 0.019963 seconds .

========================================================================
Received Prepare
Registering precompiled user dll's ...
Registered in 0.000444 seconds.
Begin MonoManager ReloadAssembly
Native extension for WindowsStandalone target not found
Native extension for OSXStandalone target not found
Refreshing native plugins compatible for Editor in 0.25 ms, found 2 plugins.
Preloading 0 native plugins for Editor in 0.00 ms.
Invoked RoslynAnalysisRunner static constructor.
RoslynAnalysisRunner will not be running.
RoslynAnalysisRunner has terminated.
Mono: successfully reloaded assembly
- Completed reload, in  0.956 seconds
Platform modules already initialized, skipping
Refreshing native plugins compatible for Editor in 0.26 ms, found 2 plugins.
Preloading 0 native plugins for Editor in 0.00 ms.
Unloading 1172 Unused Serialized files (Serialized files now loaded: 0)
System memory in use before: 120.2 MB.
System memory in use after: 120.3 MB.

Unloading 9 unused Assets to reduce memory usage. Loaded Objects now: 1622.
Total: 1.822590 ms (FindLiveObjects: 0.237327 ms CreateObjectMapping: 0.062820 ms MarkObjects: 1.464292 ms  DeleteObjects: 0.056380 ms)

========================================================================
Received Import Request.
  Time since last request: 49.490641 seconds.
  path: Assets/Scripts
  artifactKey: Guid(bf1ab76544aa7450ba0950e9a9da9627) Importer(815301076,1909f56bfc062723c751e8b465ee728b)
Start importing Assets/Scripts using Guid(bf1ab76544aa7450ba0950e9a9da9627) Importer(815301076,1909f56bfc062723c751e8b465ee728b)  -> (artifact id: 'e15a2765472562ff1aa4a5ff3a81195d') in 0.009066 seconds
  Import took 0.011120 seconds .

========================================================================
Received Import Request.
  Time since last request: 0.007650 seconds.
  path: Assets/Scripts
  artifactKey: Guid(bf1ab76544aa7450ba0950e9a9da9627) Importer(815301076,1909f56bfc062723c751e8b465ee728b)
Start importing Assets/Scripts using Guid(bf1ab76544aa7450ba0950e9a9da9627) Importer(815301076,1909f56bfc062723c751e8b465ee728b)  -> (artifact id: 'e15a2765472562ff1aa4a5ff3a81195d') in 0.000871 seconds
  Import took 0.002881 seconds .

========================================================================
Received Import Request.
  Time since last request: 0.890997 seconds.
  path: Assets/Scripts/BleReceiver.cs
  artifactKey: Guid(5300dbfc7e74b4fcfa4f73e72a354a72) Importer(815301076,1909f56bfc062723c751e8b465ee728b)
Start importing Assets/Scripts/BleReceiver.cs using Guid(5300dbfc7e74b4fcfa4f73e72a354a72) Importer(815301076,1909f56bfc062723c751e8b465ee728b)  -> (artifact id: 'c144817ea1a36408a1ce75ba74cc9d01') in 0.410744 seconds
  Import took 0.413586 seconds .

========================================================================
Received Import Request.
  Time since last request: 100.223757 seconds.
  path: Assets/Scripts/BleHandler.cs
  artifactKey: Guid(5300dbfc7e74b4fcfa4f73e72a354a72) Importer(815301076,1909f56bfc062723c751e8b465ee728b)
Start importing Assets/Scripts/BleHandler.cs using Guid(5300dbfc7e74b4fcfa4f73e72a354a72) Importer(815301076,1909f56bfc062723c751e8b465ee728b)  -> (artifact id: '6f936354111cb87dfffc5096b920757c') in 0.005564 seconds
  Import took 0.008192 seconds .

========================================================================
Received Prepare
Registering precompiled user dll's ...
Registered in 0.000378 seconds.
Begin MonoManager ReloadAssembly
Native extension for WindowsStandalone target not found
Native extension for OSXStandalone target not found
Refreshing native plugins compatible for Editor in 0.26 ms, found 2 plugins.
Preloading 0 native plugins for Editor in 0.00 ms.
Invoked RoslynAnalysisRunner static constructor.
RoslynAnalysisRunner will not be running.
RoslynAnalysisRunner has terminated.
Mono: successfully reloaded assembly
- Completed reload, in  1.057 seconds
Platform modules already initialized, skipping
Refreshing native plugins compatible for Editor in 0.26 ms, found 2 plugins.
Preloading 0 native plugins for Editor in 0.00 ms.
Unloading 1172 Unused Serialized files (Serialized files now loaded: 0)
System memory in use before: 124.7 MB.
System memory in use after: 124.7 MB.

Unloading 9 unused Assets to reduce memory usage. Loaded Objects now: 1624.
Total: 1.726299 ms (FindLiveObjects: 0.192448 ms CreateObjectMapping: 0.035689 ms MarkObjects: 1.442761 ms  DeleteObjects: 0.053412 ms)

========================================================================
Received Prepare
Registering precompiled user dll's ...
Registered in 0.000404 seconds.
Begin MonoManager ReloadAssembly
Native extension for WindowsStandalone target not found
Native extension for OSXStandalone target not found
Refreshing native plugins compatible for Editor in 0.27 ms, found 2 plugins.
Preloading 0 native plugins for Editor in 0.00 ms.
Invoked RoslynAnalysisRunner static constructor.
RoslynAnalysisRunner will not be running.
RoslynAnalysisRunner has terminated.
Mono: successfully reloaded assembly
- Completed reload, in  0.980 seconds
Platform modules already initialized, skipping
Refreshing native plugins compatible for Editor in 0.22 ms, found 2 plugins.
Preloading 0 native plugins for Editor in 0.00 ms.
Unloading 1173 Unused Serialized files (Serialized files now loaded: 0)
System memory in use before: 124.8 MB.
System memory in use after: 124.9 MB.

Unloading 9 unused Assets to reduce memory usage. Loaded Objects now: 1627.
Total: 1.840282 ms (FindLiveObjects: 0.190184 ms CreateObjectMapping: 0.032072 ms MarkObjects: 1.548425 ms  DeleteObjects: 0.067894 ms)

========================================================================
Received Prepare
Registering precompiled user dll's ...
Registered in 0.001122 seconds.
Begin MonoManager ReloadAssembly
Native extension for WindowsStandalone target not found
Native extension for OSXStandalone target not found
Refreshing native plugins compatible for Editor in 0.26 ms, found 2 plugins.
Preloading 0 native plugins for Editor in 0.00 ms.
Invoked RoslynAnalysisRunner static constructor.
RoslynAnalysisRunner will not be running.
RoslynAnalysisRunner has terminated.
Mono: successfully reloaded assembly
- Completed reload, in  1.003 seconds
Platform modules already initialized, skipping
Refreshing native plugins compatible for Editor in 0.28 ms, found 2 plugins.
Preloading 0 native plugins for Editor in 0.00 ms.
Unloading 1186 Unused Serialized files (Serialized files now loaded: 0)
System memory in use before: 126.7 MB.
System memory in use after: 126.2 MB.

Unloading 22 unused Assets to reduce memory usage. Loaded Objects now: 1629.
Total: 2.105026 ms (FindLiveObjects: 0.221352 ms CreateObjectMapping: 0.046436 ms MarkObjects: 1.490512 ms  DeleteObjects: 0.344896 ms)

========================================================================
Received Prepare
Registering precompiled user dll's ...
Registered in 0.000399 seconds.
Begin MonoManager ReloadAssembly
Native extension for WindowsStandalone target not found
Native extension for OSXStandalone target not found
Refreshing native plugins compatible for Editor in 0.26 ms, found 2 plugins.
Preloading 0 native plugins for Editor in 0.00 ms.
Invoked RoslynAnalysisRunner static constructor.
RoslynAnalysisRunner will not be running.
RoslynAnalysisRunner has terminated.
Mono: successfully reloaded assembly
- Completed reload, in  1.018 seconds
Platform modules already initialized, skipping
Refreshing native plugins compatible for Editor in 0.38 ms, found 2 plugins.
Preloading 0 native plugins for Editor in 0.00 ms.
Unloading 1185 Unused Serialized files (Serialized files now loaded: 0)
System memory in use before: 126.8 MB.
System memory in use after: 126.3 MB.

Unloading 23 unused Assets to reduce memory usage. Loaded Objects now: 1630.
Total: 1.920996 ms (FindLiveObjects: 0.199492 ms CreateObjectMapping: 0.035173 ms MarkObjects: 1.332479 ms  DeleteObjects: 0.352161 ms)

========================================================================
Received Prepare
Registering precompiled user dll's ...
Registered in 0.000435 seconds.
Begin MonoManager ReloadAssembly
Native extension for WindowsStandalone target not found
Native extension for OSXStandalone target not found
Refreshing native plugins compatible for Editor in 0.26 ms, found 2 plugins.
Preloading 0 native plugins for Editor in 0.00 ms.
Invoked RoslynAnalysisRunner static constructor.
RoslynAnalysisRunner will not be running.
RoslynAnalysisRunner has terminated.
Mono: successfully reloaded assembly
- Completed reload, in  1.049 seconds
Platform modules already initialized, skipping
Refreshing native plugins compatible for Editor in 0.26 ms, found 2 plugins.
Preloading 0 native plugins for Editor in 0.00 ms.
Unloading 1185 Unused Serialized files (Serialized files now loaded: 0)
System memory in use before: 127.0 MB.
System memory in use after: 126.5 MB.

Unloading 22 unused Assets to reduce memory usage. Loaded Objects now: 1632.
Total: 2.363297 ms (FindLiveObjects: 0.317835 ms CreateObjectMapping: 0.059426 ms MarkObjects: 1.625162 ms  DeleteObjects: 0.359998 ms)

========================================================================
Received Prepare
Registering precompiled user dll's ...
Registered in 0.000431 seconds.
Begin MonoManager ReloadAssembly
Native extension for WindowsStandalone target not found
Native extension for OSXStandalone target not found
Refreshing native plugins compatible for Editor in 0.27 ms, found 2 plugins.
Preloading 0 native plugins for Editor in 0.00 ms.
Invoked RoslynAnalysisRunner static constructor.
RoslynAnalysisRunner will not be running.
RoslynAnalysisRunner has terminated.
Mono: successfully reloaded assembly
- Completed reload, in  1.009 seconds
Platform modules already initialized, skipping
Refreshing native plugins compatible for Editor in 0.30 ms, found 2 plugins.
Preloading 0 native plugins for Editor in 0.00 ms.
Unloading 1185 Unused Serialized files (Serialized files now loaded: 0)
System memory in use before: 127.1 MB.
System memory in use after: 126.6 MB.

Unloading 22 unused Assets to reduce memory usage. Loaded Objects now: 1634.
Total: 2.627363 ms (FindLiveObjects: 0.252355 ms CreateObjectMapping: 0.063401 ms MarkObjects: 1.851791 ms  DeleteObjects: 0.457993 ms)

========================================================================
Received Prepare
Refreshing native plugins compatible for Editor in 2.87 ms, found 2 plugins.
Preloading 0 native plugins for Editor in 0.00 ms.
Unloading 20 Unused Serialized files (Serialized files now loaded: 0)
System memory in use before: 103.6 MB.
System memory in use after: 103.1 MB.

Unloading 20 unused Assets to reduce memory usage. Loaded Objects now: 1634.
Total: 2.348275 ms (FindLiveObjects: 0.290818 ms CreateObjectMapping: 0.063665 ms MarkObjects: 1.616110 ms  DeleteObjects: 0.376326 ms)

========================================================================
Received Prepare
Registering precompiled user dll's ...
Registered in 0.000385 seconds.
Begin MonoManager ReloadAssembly
Native extension for WindowsStandalone target not found
Native extension for OSXStandalone target not found
Refreshing native plugins compatible for Editor in 0.28 ms, found 2 plugins.
Preloading 0 native plugins for Editor in 0.00 ms.
Invoked RoslynAnalysisRunner static constructor.
RoslynAnalysisRunner will not be running.
RoslynAnalysisRunner has terminated.
Mono: successfully reloaded assembly
- Completed reload, in  1.027 seconds
Platform modules already initialized, skipping
Switching build target platform(2) subTarget(0) extendedPlatform(0) -> platform(13) subTarget(537395200) extendedPlatform(0)
Refreshing native plugins compatible for Editor in 0.27 ms, found 2 plugins.
Preloading 0 native plugins for Editor in 0.00 ms.
Unloading 1189 Unused Serialized files (Serialized files now loaded: 0)
System memory in use before: 127.4 MB.
System memory in use after: 126.8 MB.

Unloading 22 unused Assets to reduce memory usage. Loaded Objects now: 1636.
Total: 2.220558 ms (FindLiveObjects: 0.199265 ms CreateObjectMapping: 0.039174 ms MarkObjects: 1.580909 ms  DeleteObjects: 0.400059 ms)

AssetImportParameters requested are different than current active one (requested -> active):
  custom:graphics/normal-map-encoding: 01000000000000000000000000000000 -> 02000000000000000000000000000000
========================================================================
Received Prepare
Refreshing native plugins compatible for Editor in 1.52 ms, found 2 plugins.
Preloading 0 native plugins for Editor in 0.00 ms.
Unloading 20 Unused Serialized files (Serialized files now loaded: 0)
System memory in use before: 103.8 MB.
System memory in use after: 103.3 MB.

Unloading 20 unused Assets to reduce memory usage. Loaded Objects now: 1636.
Total: 2.042273 ms (FindLiveObjects: 0.192697 ms CreateObjectMapping: 0.034925 ms MarkObjects: 1.402386 ms  DeleteObjects: 0.411243 ms)

========================================================================
Received Prepare
Refreshing native plugins compatible for Editor in 1.05 ms, found 2 plugins.
Preloading 0 native plugins for Editor in 0.00 ms.
Unloading 20 Unused Serialized files (Serialized files now loaded: 0)
System memory in use before: 103.8 MB.
System memory in use after: 103.3 MB.

Unloading 20 unused Assets to reduce memory usage. Loaded Objects now: 1636.
Total: 2.407458 ms (FindLiveObjects: 0.279115 ms CreateObjectMapping: 0.093763 ms MarkObjects: 1.608779 ms  DeleteObjects: 0.423880 ms)

========================================================================
Received Prepare
Registering precompiled user dll's ...
Registered in 0.000592 seconds.
Begin MonoManager ReloadAssembly
Native extension for WindowsStandalone target not found
Native extension for OSXStandalone target not found
Refreshing native plugins compatible for Editor in 0.33 ms, found 2 plugins.
Preloading 0 native plugins for Editor in 0.00 ms.
Invoked RoslynAnalysisRunner static constructor.
RoslynAnalysisRunner will not be running.
RoslynAnalysisRunner has terminated.
Mono: successfully reloaded assembly
- Completed reload, in  1.053 seconds
Platform modules already initialized, skipping
Switching build target platform(2) subTarget(0) extendedPlatform(0) -> platform(13) subTarget(537395200) extendedPlatform(0)
Refreshing native plugins compatible for Editor in 0.27 ms, found 2 plugins.
Preloading 0 native plugins for Editor in 0.00 ms.
Unloading 1189 Unused Serialized files (Serialized files now loaded: 0)
System memory in use before: 127.4 MB.
System memory in use after: 126.9 MB.

Unloading 22 unused Assets to reduce memory usage. Loaded Objects now: 1638.
Total: 2.228404 ms (FindLiveObjects: 0.221698 ms CreateObjectMapping: 0.047768 ms MarkObjects: 1.555244 ms  DeleteObjects: 0.402235 ms)

AssetImportParameters requested are different than current active one (requested -> active):
  custom:graphics/normal-map-encoding: 01000000000000000000000000000000 -> 02000000000000000000000000000000
========================================================================
Received Prepare
Refreshing native plugins compatible for Editor in 1.15 ms, found 2 plugins.
Preloading 0 native plugins for Editor in 0.00 ms.
Unloading 20 Unused Serialized files (Serialized files now loaded: 0)
System memory in use before: 104.0 MB.
System memory in use after: 103.4 MB.

Unloading 20 unused Assets to reduce memory usage. Loaded Objects now: 1638.
Total: 2.051780 ms (FindLiveObjects: 0.278152 ms CreateObjectMapping: 0.041720 ms MarkObjects: 1.359470 ms  DeleteObjects: 0.370783 ms)

========================================================================
Received Prepare
Registering precompiled user dll's ...
Registered in 0.000366 seconds.
Begin MonoManager ReloadAssembly
Native extension for WindowsStandalone target not found
Native extension for OSXStandalone target not found
Refreshing native plugins compatible for Editor in 0.45 ms, found 2 plugins.
Preloading 0 native plugins for Editor in 0.00 ms.
Invoked RoslynAnalysisRunner static constructor.
RoslynAnalysisRunner will not be running.
RoslynAnalysisRunner has terminated.
Mono: successfully reloaded assembly
- Completed reload, in  1.046 seconds
Platform modules already initialized, skipping
Switching build target platform(2) subTarget(0) extendedPlatform(0) -> platform(13) subTarget(537395200) extendedPlatform(0)
Refreshing native plugins compatible for Editor in 0.39 ms, found 2 plugins.
Preloading 0 native plugins for Editor in 0.00 ms.
Unloading 1189 Unused Serialized files (Serialized files now loaded: 0)
System memory in use before: 127.6 MB.
System memory in use after: 127.1 MB.

Unloading 22 unused Assets to reduce memory usage. Loaded Objects now: 1640.
Total: 2.274511 ms (FindLiveObjects: 0.282559 ms CreateObjectMapping: 0.064203 ms MarkObjects: 1.529925 ms  DeleteObjects: 0.396234 ms)

AssetImportParameters requested are different than current active one (requested -> active):
  custom:graphics/normal-map-encoding: 01000000000000000000000000000000 -> 02000000000000000000000000000000
========================================================================
Received Prepare
Refreshing native plugins compatible for Editor in 1.09 ms, found 2 plugins.
Preloading 0 native plugins for Editor in 0.00 ms.
Unloading 20 Unused Serialized files (Serialized files now loaded: 0)
System memory in use before: 104.1 MB.
System memory in use after: 103.6 MB.

Unloading 20 unused Assets to reduce memory usage. Loaded Objects now: 1640.
Total: 2.356085 ms (FindLiveObjects: 0.266369 ms CreateObjectMapping: 0.054452 ms MarkObjects: 1.634139 ms  DeleteObjects: 0.398992 ms)

========================================================================
Received Prepare
Registering precompiled user dll's ...
Registered in 0.000403 seconds.
Begin MonoManager ReloadAssembly
Native extension for WindowsStandalone target not found
Native extension for OSXStandalone target not found
Refreshing native plugins compatible for Editor in 0.38 ms, found 2 plugins.
Preloading 0 native plugins for Editor in 0.00 ms.
Invoked RoslynAnalysisRunner static constructor.
RoslynAnalysisRunner will not be running.
RoslynAnalysisRunner has terminated.
Mono: successfully reloaded assembly
- Completed reload, in  1.045 seconds
Platform modules already initialized, skipping
Switching build target platform(2) subTarget(0) extendedPlatform(0) -> platform(13) subTarget(537395200) extendedPlatform(0)
Refreshing native plugins compatible for Editor in 0.29 ms, found 2 plugins.
Preloading 0 native plugins for Editor in 0.00 ms.
Unloading 1189 Unused Serialized files (Serialized files now loaded: 0)
System memory in use before: 127.9 MB.
System memory in use after: 127.4 MB.

Unloading 22 unused Assets to reduce memory usage. Loaded Objects now: 1642.
Total: 2.188465 ms (FindLiveObjects: 0.222233 ms CreateObjectMapping: 0.038870 ms MarkObjects: 1.527420 ms  DeleteObjects: 0.397868 ms)

AssetImportParameters requested are different than current active one (requested -> active):
  custom:graphics/normal-map-encoding: 01000000000000000000000000000000 -> 02000000000000000000000000000000
========================================================================
Received Prepare
Refreshing native plugins compatible for Editor in 1.09 ms, found 2 plugins.
Preloading 0 native plugins for Editor in 0.00 ms.
Unloading 20 Unused Serialized files (Serialized files now loaded: 0)
System memory in use before: 104.4 MB.
System memory in use after: 103.9 MB.

Unloading 20 unused Assets to reduce memory usage. Loaded Objects now: 1642.
Total: 2.044843 ms (FindLiveObjects: 0.203418 ms CreateObjectMapping: 0.046916 ms MarkObjects: 1.408318 ms  DeleteObjects: 0.384829 ms)

========================================================================
Received Prepare
Registering precompiled user dll's ...
Registered in 0.000675 seconds.
Begin MonoManager ReloadAssembly
Native extension for WindowsStandalone target not found
Native extension for OSXStandalone target not found
Refreshing native plugins compatible for Editor in 0.28 ms, found 2 plugins.
Preloading 0 native plugins for Editor in 0.00 ms.
Invoked RoslynAnalysisRunner static constructor.
RoslynAnalysisRunner will not be running.
RoslynAnalysisRunner has terminated.
Mono: successfully reloaded assembly
- Completed reload, in  1.078 seconds
Platform modules already initialized, skipping
Switching build target platform(2) subTarget(0) extendedPlatform(0) -> platform(13) subTarget(537395200) extendedPlatform(0)
Refreshing native plugins compatible for Editor in 0.26 ms, found 2 plugins.
Preloading 0 native plugins for Editor in 0.00 ms.
Unloading 1189 Unused Serialized files (Serialized files now loaded: 0)
System memory in use before: 127.9 MB.
System memory in use after: 127.4 MB.

Unloading 22 unused Assets to reduce memory usage. Loaded Objects now: 1644.
Total: 2.214086 ms (FindLiveObjects: 0.213537 ms CreateObjectMapping: 0.060878 ms MarkObjects: 1.535426 ms  DeleteObjects: 0.402452 ms)

AssetImportParameters requested are different than current active one (requested -> active):
  custom:graphics/normal-map-encoding: 01000000000000000000000000000000 -> 02000000000000000000000000000000
========================================================================
Received Prepare
Refreshing native plugins compatible for Editor in 1.66 ms, found 2 plugins.
Preloading 0 native plugins for Editor in 0.00 ms.
Unloading 20 Unused Serialized files (Serialized files now loaded: 0)
System memory in use before: 104.4 MB.
System memory in use after: 103.9 MB.

Unloading 20 unused Assets to reduce memory usage. Loaded Objects now: 1644.
Total: 2.022862 ms (FindLiveObjects: 0.194829 ms CreateObjectMapping: 0.044616 ms MarkObjects: 1.405528 ms  DeleteObjects: 0.376572 ms)

========================================================================
Received Prepare
Registering precompiled user dll's ...
Registered in 0.000481 seconds.
Begin MonoManager ReloadAssembly
Native extension for WindowsStandalone target not found
Native extension for OSXStandalone target not found
Refreshing native plugins compatible for Editor in 0.27 ms, found 2 plugins.
Preloading 0 native plugins for Editor in 0.00 ms.
Invoked RoslynAnalysisRunner static constructor.
RoslynAnalysisRunner will not be running.
RoslynAnalysisRunner has terminated.
Mono: successfully reloaded assembly
- Completed reload, in  1.020 seconds
Platform modules already initialized, skipping
Switching build target platform(2) subTarget(0) extendedPlatform(0) -> platform(13) subTarget(537395200) extendedPlatform(0)
Refreshing native plugins compatible for Editor in 0.26 ms, found 2 plugins.
Preloading 0 native plugins for Editor in 0.00 ms.
Unloading 1189 Unused Serialized files (Serialized files now loaded: 0)
System memory in use before: 128.1 MB.
System memory in use after: 127.6 MB.

Unloading 22 unused Assets to reduce memory usage. Loaded Objects now: 1646.
Total: 2.232693 ms (FindLiveObjects: 0.298485 ms CreateObjectMapping: 0.066687 ms MarkObjects: 1.470573 ms  DeleteObjects: 0.395827 ms)

AssetImportParameters requested are different than current active one (requested -> active):
  custom:graphics/normal-map-encoding: 01000000000000000000000000000000 -> 02000000000000000000000000000000
========================================================================
Received Prepare
Refreshing native plugins compatible for Editor in 1.08 ms, found 2 plugins.
Preloading 0 native plugins for Editor in 0.00 ms.
Unloading 20 Unused Serialized files (Serialized files now loaded: 0)
System memory in use before: 104.6 MB.
System memory in use after: 104.1 MB.

Unloading 20 unused Assets to reduce memory usage. Loaded Objects now: 1646.
Total: 2.141908 ms (FindLiveObjects: 0.200999 ms CreateObjectMapping: 0.057338 ms MarkObjects: 1.484084 ms  DeleteObjects: 0.397612 ms)

========================================================================
Received Prepare
Registering precompiled user dll's ...
Registered in 0.000410 seconds.
Begin MonoManager ReloadAssembly
Native extension for WindowsStandalone target not found
Native extension for OSXStandalone target not found
Refreshing native plugins compatible for Editor in 0.40 ms, found 2 plugins.
Preloading 0 native plugins for Editor in 0.00 ms.
Invoked RoslynAnalysisRunner static constructor.
RoslynAnalysisRunner will not be running.
RoslynAnalysisRunner has terminated.
Mono: successfully reloaded assembly
- Completed reload, in  1.059 seconds
Platform modules already initialized, skipping
Switching build target platform(2) subTarget(0) extendedPlatform(0) -> platform(13) subTarget(537395200) extendedPlatform(0)
Refreshing native plugins compatible for Editor in 0.31 ms, found 2 plugins.
Preloading 0 native plugins for Editor in 0.00 ms.
Unloading 1189 Unused Serialized files (Serialized files now loaded: 0)
System memory in use before: 128.2 MB.
System memory in use after: 127.7 MB.

Unloading 22 unused Assets to reduce memory usage. Loaded Objects now: 1648.
Total: 2.138014 ms (FindLiveObjects: 0.170546 ms CreateObjectMapping: 0.037541 ms MarkObjects: 1.458997 ms  DeleteObjects: 0.469910 ms)

AssetImportParameters requested are different than current active one (requested -> active):
  custom:graphics/normal-map-encoding: 01000000000000000000000000000000 -> 02000000000000000000000000000000
========================================================================
Received Prepare
Registering precompiled user dll's ...
Registered in 0.000442 seconds.
Begin MonoManager ReloadAssembly
Native extension for WindowsStandalone target not found
Native extension for OSXStandalone target not found
Refreshing native plugins compatible for Editor in 0.27 ms, found 2 plugins.
Preloading 0 native plugins for Editor in 0.00 ms.
Invoked RoslynAnalysisRunner static constructor.
RoslynAnalysisRunner will not be running.
RoslynAnalysisRunner has terminated.
Mono: successfully reloaded assembly
- Completed reload, in  1.043 seconds
Platform modules already initialized, skipping
Switching build target platform(2) subTarget(0) extendedPlatform(0) -> platform(13) subTarget(537395200) extendedPlatform(0)
Refreshing native plugins compatible for Editor in 0.28 ms, found 2 plugins.
Preloading 0 native plugins for Editor in 0.00 ms.
Unloading 1189 Unused Serialized files (Serialized files now loaded: 0)
System memory in use before: 128.4 MB.
System memory in use after: 127.9 MB.

Unloading 22 unused Assets to reduce memory usage. Loaded Objects now: 1650.
Total: 3.154569 ms (FindLiveObjects: 0.489763 ms CreateObjectMapping: 0.102032 ms MarkObjects: 2.024018 ms  DeleteObjects: 0.536125 ms)

AssetImportParameters requested are different than current active one (requested -> active):
  custom:graphics/normal-map-encoding: 01000000000000000000000000000000 -> 02000000000000000000000000000000
========================================================================
Received Prepare
Registering precompiled user dll's ...
Registered in 0.000473 seconds.
Begin MonoManager ReloadAssembly
Native extension for WindowsStandalone target not found
Native extension for OSXStandalone target not found
Refreshing native plugins compatible for Editor in 0.40 ms, found 2 plugins.
Preloading 0 native plugins for Editor in 0.00 ms.
Invoked RoslynAnalysisRunner static constructor.
RoslynAnalysisRunner will not be running.
RoslynAnalysisRunner has terminated.
Mono: successfully reloaded assembly
- Completed reload, in  1.039 seconds
Platform modules already initialized, skipping
Switching build target platform(2) subTarget(0) extendedPlatform(0) -> platform(13) subTarget(537395200) extendedPlatform(0)
Refreshing native plugins compatible for Editor in 0.25 ms, found 2 plugins.
Preloading 0 native plugins for Editor in 0.00 ms.
Unloading 1189 Unused Serialized files (Serialized files now loaded: 0)
System memory in use before: 128.6 MB.
System memory in use after: 128.1 MB.

Unloading 22 unused Assets to reduce memory usage. Loaded Objects now: 1652.
Total: 2.344183 ms (FindLiveObjects: 0.223306 ms CreateObjectMapping: 0.053257 ms MarkObjects: 1.655855 ms  DeleteObjects: 0.410231 ms)

AssetImportParameters requested are different than current active one (requested -> active):
  custom:graphics/normal-map-encoding: 01000000000000000000000000000000 -> 02000000000000000000000000000000
